[Fri Nov 09 15:13:27 EST 2012][SEVERE] Map started...
[Fri Nov 09 15:13:27 EST 2012][SEVERE] Query => international institute of information technology is located
[Fri Nov 09 15:13:27 EST 2012][SEVERE] Found => false
[Fri Nov 09 15:13:27 EST 2012][SEVERE] Query => international institute of information technology is
[Fri Nov 09 15:13:27 EST 2012][SEVERE] Found => false
[Fri Nov 09 15:13:27 EST 2012][SEVERE] Query => international institute of information technology
[Fri Nov 09 15:13:27 EST 2012][SEVERE] Found => true
[Fri Nov 09 15:13:27 EST 2012][SEVERE] Query => is located in hyderabad it is also
[Fri Nov 09 15:13:27 EST 2012][SEVERE] Found => false
[Fri Nov 09 15:13:27 EST 2012][SEVERE] Query => is located in hyderabad it is
[Fri Nov 09 15:13:27 EST 2012][SEVERE] Found => false
[Fri Nov 09 15:13:27 EST 2012][SEVERE] Query => is located in hyderabad it
[Fri Nov 09 15:13:27 EST 2012][SEVERE] Found => false
[Fri Nov 09 15:13:27 EST 2012][SEVERE] Query => is located in hyderabad
[Fri Nov 09 15:13:27 EST 2012][SEVERE] Found => false
[Fri Nov 09 15:13:27 EST 2012][SEVERE] Query => is located in
[Fri Nov 09 15:13:27 EST 2012][SEVERE] Found => false
[Fri Nov 09 15:13:27 EST 2012][SEVERE] Query => is located
[Fri Nov 09 15:13:27 EST 2012][SEVERE] Found => false
[Fri Nov 09 15:13:27 EST 2012][SEVERE] Query => is
[Fri Nov 09 15:13:27 EST 2012][SEVERE] Found => true
[Fri Nov 09 15:13:27 EST 2012][SEVERE] Query => located in hyderabad it is also known
[Fri Nov 09 15:13:27 EST 2012][SEVERE] Found => false
[Fri Nov 09 15:13:27 EST 2012][SEVERE] Query => located in hyderabad it is also
[Fri Nov 09 15:13:27 EST 2012][SEVERE] Found => false
[Fri Nov 09 15:13:27 EST 2012][SEVERE] Query => located in hyderabad it is
[Fri Nov 09 15:13:27 EST 2012][SEVERE] Found => false
[Fri Nov 09 15:13:27 EST 2012][SEVERE] Query => located in hyderabad it
[Fri Nov 09 15:13:27 EST 2012][SEVERE] Found => false
[Fri Nov 09 15:13:27 EST 2012][SEVERE] Query => located in hyderabad
[Fri Nov 09 15:13:27 EST 2012][SEVERE] Found => false
[Fri Nov 09 15:13:27 EST 2012][SEVERE] Query => located in
[Fri Nov 09 15:13:27 EST 2012][SEVERE] Found => false
[Fri Nov 09 15:13:27 EST 2012][SEVERE] Query => located
[Fri Nov 09 15:13:27 EST 2012][SEVERE] Found => true
[Fri Nov 09 15:13:27 EST 2012][SEVERE] Query => in hyderabad it is also known as
[Fri Nov 09 15:13:27 EST 2012][SEVERE] Found => false
[Fri Nov 09 15:13:27 EST 2012][SEVERE] Query => in hyderabad it is also known
[Fri Nov 09 15:13:27 EST 2012][SEVERE] Found => false
[Fri Nov 09 15:13:27 EST 2012][SEVERE] Query => in hyderabad it is also
[Fri Nov 09 15:13:27 EST 2012][SEVERE] Found => false
[Fri Nov 09 15:13:27 EST 2012][SEVERE] Query => in hyderabad it is
[Fri Nov 09 15:13:27 EST 2012][SEVERE] Found => false
[Fri Nov 09 15:13:27 EST 2012][SEVERE] Query => in hyderabad it
[Fri Nov 09 15:13:27 EST 2012][SEVERE] Found => false
[Fri Nov 09 15:13:27 EST 2012][SEVERE] Query => in hyderabad
[Fri Nov 09 15:13:27 EST 2012][SEVERE] Found => false
[Fri Nov 09 15:13:27 EST 2012][SEVERE] Query => in
[Fri Nov 09 15:13:27 EST 2012][SEVERE] Found => true
[Fri Nov 09 15:13:27 EST 2012][SEVERE] Query => hyderabad it is also known as iiit
[Fri Nov 09 15:13:27 EST 2012][SEVERE] Found => false
[Fri Nov 09 15:13:27 EST 2012][SEVERE] Query => hyderabad it is also known as
[Fri Nov 09 15:13:27 EST 2012][SEVERE] Found => false
[Fri Nov 09 15:13:27 EST 2012][SEVERE] Query => hyderabad it is also known
[Fri Nov 09 15:13:27 EST 2012][SEVERE] Found => false
[Fri Nov 09 15:13:27 EST 2012][SEVERE] Query => hyderabad it is also
[Fri Nov 09 15:13:27 EST 2012][SEVERE] Found => false
[Fri Nov 09 15:13:27 EST 2012][SEVERE] Query => hyderabad it is
[Fri Nov 09 15:13:27 EST 2012][SEVERE] Found => false
[Fri Nov 09 15:13:27 EST 2012][SEVERE] Query => hyderabad it
[Fri Nov 09 15:13:27 EST 2012][SEVERE] Found => false
[Fri Nov 09 15:13:27 EST 2012][SEVERE] Query => hyderabad
[Fri Nov 09 15:13:27 EST 2012][SEVERE] Found => true
[Fri Nov 09 15:13:27 EST 2012][SEVERE] Query => it is also known as iiit
[Fri Nov 09 15:13:27 EST 2012][SEVERE] Found => false
[Fri Nov 09 15:13:27 EST 2012][SEVERE] Query => it is also known as
[Fri Nov 09 15:13:27 EST 2012][SEVERE] Found => false
[Fri Nov 09 15:13:27 EST 2012][SEVERE] Query => it is also known
[Fri Nov 09 15:13:27 EST 2012][SEVERE] Found => false
[Fri Nov 09 15:13:27 EST 2012][SEVERE] Query => it is also
[Fri Nov 09 15:13:27 EST 2012][SEVERE] Found => false
[Fri Nov 09 15:13:27 EST 2012][SEVERE] Query => it is
[Fri Nov 09 15:13:27 EST 2012][SEVERE] Found => false
[Fri Nov 09 15:13:27 EST 2012][SEVERE] Query => it
[Fri Nov 09 15:13:27 EST 2012][SEVERE] Found => true
[Fri Nov 09 15:13:27 EST 2012][SEVERE] Query => is also known as iiit
[Fri Nov 09 15:13:27 EST 2012][SEVERE] Found => false
[Fri Nov 09 15:13:27 EST 2012][SEVERE] Query => is also known as
[Fri Nov 09 15:13:27 EST 2012][SEVERE] Found => false
[Fri Nov 09 15:13:27 EST 2012][SEVERE] Query => is also known
[Fri Nov 09 15:13:27 EST 2012][SEVERE] Found => false
[Fri Nov 09 15:13:27 EST 2012][SEVERE] Query => is also
[Fri Nov 09 15:13:27 EST 2012][SEVERE] Found => false
[Fri Nov 09 15:13:27 EST 2012][SEVERE] Query => is
[Fri Nov 09 15:13:27 EST 2012][SEVERE] Found => true
[Fri Nov 09 15:13:27 EST 2012][SEVERE] Query => also known as iiit
[Fri Nov 09 15:13:27 EST 2012][SEVERE] Found => false
[Fri Nov 09 15:13:27 EST 2012][SEVERE] Query => also known as
[Fri Nov 09 15:13:27 EST 2012][SEVERE] Found => true
[Fri Nov 09 15:13:27 EST 2012][SEVERE] Query => iiit
[Fri Nov 09 15:13:27 EST 2012][SEVERE] Found => true
[Fri Nov 09 15:13:27 EST 2012][SEVERE] Map completed...